<?xml version="1.0" encoding="utf-8"?><testsuites name="pytest tests"><testsuite name="pytest" errors="0" failures="0" skipped="0" tests="17" time="3.648" timestamp="2026-07-13T19:41:41.345871+00:00" hostname="agent-env-de700790-4774-446b-a02b-db89b0773357"><testcase classname="tests.backend_test.TestDeletes" name="test_delete_item_admin" time="0.934" /><testcase classname="tests.backend_test.TestDeletes" name="test_delete_item_staff_forbidden" time="0.545" /><testcase classname="tests.backend_test.TestReportFilters" name="test_current_stock_program_filter" time="1.484" /><testcase classname="tests.backend_test.TestReportFilters" name="test_monthly_util_filters" time="0.081" /><testcase classname="tests.backend_test.TestReportFilters" name="test_indent_next_year_filters" time="0.089" /><testcase classname="tests.backend_test.TestReportFilters" name="test_short_expiry_filters" time="0.034" /><testcase classname="tests.backend_test.TestReportFilters" name="test_low_stock_filters" time="0.080" /><testcase classname="tests.backend_test.TestReportFilters" name="test_nil_stock_filters" time="0.035" /><testcase classname="tests.backend_test.TestReportFilters" name="test_supply_order_filters" time="0.080" /><testcase classname="tests.backend_test.TestDeletes" name="test_delete_stock" time="0.527" /><testcase classname="tests.backend_test.TestIssueListFilters" name="test_program_filter" time="0.078" /><testcase classname="tests.backend_test.TestIssueListFilters" name="test_section_filter" time="0.079" /><testcase classname="tests.backend_test.TestAuth" name="test_login_admin" time="0.080" /><testcase classname="tests.backend_test.TestDashboard" name="test_dashboard_200" time="0.080" /><testcase classname="tests.backend_test.TestAuth" name="test_login_bad" time="0.359" /><testcase classname="tests.backend_test.TestIssueBatch" name="test_batch_issue_multi_lot_multi_item" time="0.280" /><testcase classname="tests.backend_test" name="test_zzz_cleanup" time="0.607" /></testsuite></testsuites>